app/build/intermediates/manifest_merge_blame_file/debug/manifest-merger-blame-debug-report.txt
1<?xml version="1.0" encoding="utf-8"?>
2<manifest xmlns:android="http://schemas.android.com/apk/res/android"
3    package="com.example.foodwaste"
4    android:versionCode="1"
5    android:versionName="1.0" >
6
7    <uses-sdk
8        android:minSdkVersion="22"
8-->src\main\AndroidManifest.xml
9        android:targetSdkVersion="32" />
9-->src\main\AndroidManifest.xml
10
11    <application
11-->src\main\AndroidManifest.xml:5:5-53:19
12        android:allowBackup="true"
12-->src\main\AndroidManifest.xml:6:9-35
13        android:appComponentFactory="androidx.core.app.CoreComponentFactory"
13-->[androidx.core:core:1.7.0] AndroidManifest.xml:24:18-86
14        android:debuggable="true"
15        android:icon="@mipmap/ic_launcher"
15-->src\main\AndroidManifest.xml:7:9-43
16        android:label="Food Rescue"
16-->src\main\AndroidManifest.xml:8:9-36
17        android:roundIcon="@mipmap/ic_launcher_round"
17-->src\main\AndroidManifest.xml:9:9-54
18        android:supportsRtl="true"
18-->src\main\AndroidManifest.xml:10:9-35
19        android:theme="@style/Theme.FoodWaste" >
19-->src\main\AndroidManifest.xml:11:9-47
20        <activity
20-->src\main\AndroidManifest.xml:12:9-14:40
21            android:name="com.example.foodwaste.don_itemList"
21-->src\main\AndroidManifest.xml:13:13-41
22            android:exported="false" />
22-->src\main\AndroidManifest.xml:14:13-37
23        <activity
23-->src\main\AndroidManifest.xml:15:9-17:40
24            android:name="com.example.foodwaste.settings_address"
24-->src\main\AndroidManifest.xml:16:13-45
25            android:exported="false" />
25-->src\main\AndroidManifest.xml:17:13-37
26        <activity
26-->src\main\AndroidManifest.xml:18:9-20:40
27            android:name="com.example.foodwaste.settings_phno"
27-->src\main\AndroidManifest.xml:19:13-42
28            android:exported="false" />
28-->src\main\AndroidManifest.xml:20:13-37
29        <activity
29-->src\main\AndroidManifest.xml:21:9-23:40
30            android:name="com.example.foodwaste.settings_email"
30-->src\main\AndroidManifest.xml:22:13-43
31            android:exported="false" />
31-->src\main\AndroidManifest.xml:23:13-37
32        <activity
32-->src\main\AndroidManifest.xml:24:9-26:40
33            android:name="com.example.foodwaste.settings_password"
33-->src\main\AndroidManifest.xml:25:13-46
34            android:exported="false" />
34-->src\main\AndroidManifest.xml:26:13-37
35        <activity
35-->src\main\AndroidManifest.xml:27:9-29:40
36            android:name="com.example.foodwaste.changepassword"
36-->src\main\AndroidManifest.xml:28:13-43
37            android:exported="false" />
37-->src\main\AndroidManifest.xml:29:13-37
38        <activity
38-->src\main\AndroidManifest.xml:30:9-32:40
39            android:name="com.example.foodwaste.Settings_Activity"
39-->src\main\AndroidManifest.xml:31:13-46
40            android:exported="false" />
40-->src\main\AndroidManifest.xml:32:13-37
41        <activity
41-->src\main\AndroidManifest.xml:33:9-37:66
42            android:name="com.example.foodwaste.NavActivity"
42-->src\main\AndroidManifest.xml:34:13-40
43            android:exported="false"
43-->src\main\AndroidManifest.xml:35:13-37
44            android:label="@string/title_activity_nav"
44-->src\main\AndroidManifest.xml:36:13-55
45            android:theme="@style/Theme.FoodWaste.NoActionBar" />
45-->src\main\AndroidManifest.xml:37:13-63
46        <activity
46-->src\main\AndroidManifest.xml:38:9-40:40
47            android:name="com.example.foodwaste.SignUpActivity"
47-->src\main\AndroidManifest.xml:39:13-43
48            android:exported="false" />
48-->src\main\AndroidManifest.xml:40:13-37
49        <activity
49-->src\main\AndroidManifest.xml:41:9-43:40
50            android:name="com.example.foodwaste.MainPageActivity"
50-->src\main\AndroidManifest.xml:42:13-45
51            android:exported="false" />
51-->src\main\AndroidManifest.xml:43:13-37
52        <activity
52-->src\main\AndroidManifest.xml:44:9-52:20
53            android:name="com.example.foodwaste.LoginActivity"
53-->src\main\AndroidManifest.xml:45:13-42
54            android:exported="true" >
54-->src\main\AndroidManifest.xml:46:13-36
55            <intent-filter>
55-->src\main\AndroidManifest.xml:47:13-51:29
56                <action android:name="android.intent.action.MAIN" />
56-->src\main\AndroidManifest.xml:48:17-69
56-->src\main\AndroidManifest.xml:48:25-66
57
58                <category android:name="android.intent.category.LAUNCHER" />
58-->src\main\AndroidManifest.xml:50:17-77
58-->src\main\AndroidManifest.xml:50:27-74
59            </intent-filter>
60        </activity>
61
62        <provider
62-->[androidx.emoji2:emoji2:1.0.0] AndroidManifest.xml:26:9-34:20
63            android:name="androidx.startup.InitializationProvider"
63-->[androidx.emoji2:emoji2:1.0.0] AndroidManifest.xml:27:13-67
64            android:authorities="com.example.foodwaste.androidx-startup"
64-->[androidx.emoji2:emoji2:1.0.0] AndroidManifest.xml:28:13-68
65            android:exported="false" >
65-->[androidx.emoji2:emoji2:1.0.0] AndroidManifest.xml:29:13-37
66            <meta-data
66-->[androidx.emoji2:emoji2:1.0.0] AndroidManifest.xml:31:13-33:52
67                android:name="androidx.emoji2.text.EmojiCompatInitializer"
67-->[androidx.emoji2:emoji2:1.0.0] AndroidManifest.xml:32:17-75
68                android:value="androidx.startup" />
68-->[androidx.emoji2:emoji2:1.0.0] AndroidManifest.xml:33:17-49
69            <meta-data
69-->[androidx.lifecycle:lifecycle-process:2.4.0] AndroidManifest.xml:31:13-33:52
70                android:name="androidx.lifecycle.ProcessLifecycleInitializer"
70-->[androidx.lifecycle:lifecycle-process:2.4.0] AndroidManifest.xml:32:17-78
71                android:value="androidx.startup" />
71-->[androidx.lifecycle:lifecycle-process:2.4.0] AndroidManifest.xml:33:17-49
72        </provider>
73    </application>
74
75</manifest>